
> kink-buddy@0.1.0 build-storybook
> storybook build --output-dir /var/folders/5w/jr2gqg057xg3c2vnn6805lj00000gn/T/chromatic--92186-MyeTaBphktOy

@storybook/cli v8.0.0

info => Cleaning outputDir: ../../../../../var/folders/5w/jr2gqg057xg3c2vnn6805lj00000gn/T/chromatic--92186-MyeTaBphktOy
info => Loading presets
info => Building manager..
info => Manager built (103 ms)
info => Building preview..
WARN No story files found for the specified pattern: src/**/*.mdx
info => Loading Webpack configuration from `node_modules/react-scripts`
info => Removing existing JavaScript and TypeScript rules.
info => Modifying Create React App rules.
info Addon-docs: using MDX3
info => Using default Webpack5 setup
info => Copying static files: public at ../../../../../var/folders/5w/jr2gqg057xg3c2vnn6805lj00000gn/T/chromatic--92186-MyeTaBphktOy
info Using tsconfig paths for react-docgen
WARN [eslint] 
WARN src/KinkLibrary/FilterChips.stories.tsx
WARN   Line 3:10:  'fn' is defined but never used  @typescript-eslint/no-unused-vars
WARN 
WARN 
WARN asset size limit: The following asset(s) exceed the recommended size limit (244 KiB).
WARN This can impact web performance.
WARN Assets: 
WARN   582.0f563972.iframe.bundle.js (1.78 MiB)
WARN   785.43a0dad9.iframe.bundle.js (765 KiB)
WARN entrypoint size limit: The following entrypoint(s) combined asset size exceeds the recommended limit (244 KiB). This can impact web performance.
WARN Entrypoints:
WARN   main (1.79 MiB)
WARN       runtime~main.5e1f0d2b.iframe.bundle.js
WARN       582.0f563972.iframe.bundle.js
WARN       main.219acb19.iframe.bundle.js
WARN 
info => Preview built (9.01 s)
info => Output directory: /var/folders/5w/jr2gqg057xg3c2vnn6805lj00000gn/T/chromatic--92186-MyeTaBphktOy
